<?xml version="1.0" encoding="UTF-8"?>
<!-- Generated by org.testng.reporters.JUnitXMLReporter -->
<testsuite hostname="sanjulakhith" ignored="0" name="Test" tests="2" failures="1" timestamp="29 Sep 2019 04:02:20 GMT" time="75.802" errors="0">
  <testcase name="whFunctionalityTest" time="28.503" classname="com.walletHubReview.testCases.WalletReviewTestCases">
    <failure type="org.openqa.selenium.WebDriverException" message="chrome not reachable
  (Session info: chrome=77.0.3865.90)
Build info: version: &amp;apos;3.141.59&amp;apos;, revision: &amp;apos;e82be7d358&amp;apos;, time: &amp;apos;2018-11-14T08:17:03&amp;apos;
System info: host: &amp;apos;SANJULAKHITH&amp;apos;, ip: &amp;apos;172.31.112.1&amp;apos;, os.name: &amp;apos;Windows 10&amp;apos;, os.arch: &amp;apos;amd64&amp;apos;, os.version: &amp;apos;10.0&amp;apos;, java.version: &amp;apos;1.8.0_144&amp;apos;
Driver info: org.openqa.selenium.chrome.ChromeDriver
Capabilities {acceptInsecureCerts: false, browserName: chrome, browserVersion: 77.0.3865.90, chrome: {chromedriverVersion: 77.0.3865.40 (f484704e052e0..., userDataDir: C:\Users\trina\AppData\Loca...}, goog:chromeOptions: {debuggerAddress: localhost:64146}, javascriptEnabled: true, networkConnectionEnabled: false, pageLoadStrategy: normal, platform: XP, platformName: XP, proxy: Proxy(), setWindowRect: true, strictFileInteractability: false, timeouts: {implicit: 0, pageLoad: 300000, script: 30000}, unhandledPromptBehavior: dismiss and notify}
Session ID: 3cb146859dae8545abcadaba13f9e7a7
*** Element info: {Using=xpath, value=//nav[@class=&amp;apos;burger-menu-right-menu brgm-guest-user&amp;apos;]//*[text()=&amp;apos;Login&amp;apos;]}">
      <![CDATA[org.openqa.selenium.WebDriverException: chrome not reachable
  (Session info: chrome=77.0.3865.90)
Build info: version: '3.141.59', revision: 'e82be7d358', time: '2018-11-14T08:17:03'
System info: host: 'SANJULAKHITH', ip: '172.31.112.1', os.name: 'Windows 10', os.arch: 'amd64', os.version: '10.0', java.version: '1.8.0_144'
Driver info: org.openqa.selenium.chrome.ChromeDriver
Capabilities {acceptInsecureCerts: false, browserName: chrome, browserVersion: 77.0.3865.90, chrome: {chromedriverVersion: 77.0.3865.40 (f484704e052e0..., userDataDir: C:\Users\trina\AppData\Loca...}, goog:chromeOptions: {debuggerAddress: localhost:64146}, javascriptEnabled: true, networkConnectionEnabled: false, pageLoadStrategy: normal, platform: XP, platformName: XP, proxy: Proxy(), setWindowRect: true, strictFileInteractability: false, timeouts: {implicit: 0, pageLoad: 300000, script: 30000}, unhandledPromptBehavior: dismiss and notify}
Session ID: 3cb146859dae8545abcadaba13f9e7a7
*** Element info: {Using=xpath, value=//nav[@class='burger-menu-right-menu brgm-guest-user']//*[text()='Login']}
at org.openqa.selenium.remote.http.W3CHttpResponseCodec.createException(W3CHttpResponseCodec.java:187)
at org.openqa.selenium.remote.http.W3CHttpResponseCodec.decode(W3CHttpResponseCodec.java:122)
at org.openqa.selenium.remote.http.W3CHttpResponseCodec.decode(W3CHttpResponseCodec.java:49)
at org.openqa.selenium.remote.HttpCommandExecutor.execute(HttpCommandExecutor.java:158)
at org.openqa.selenium.remote.service.DriverCommandExecutor.execute(DriverCommandExecutor.java:83)
at org.openqa.selenium.remote.RemoteWebDriver.execute(RemoteWebDriver.java:552)
at org.openqa.selenium.remote.RemoteWebDriver.findElement(RemoteWebDriver.java:323)
at org.openqa.selenium.remote.RemoteWebDriver.findElementByXPath(RemoteWebDriver.java:428)
at org.openqa.selenium.By$ByXPath.findElement(By.java:353)
at org.openqa.selenium.remote.RemoteWebDriver.findElement(RemoteWebDriver.java:315)
at org.openqa.selenium.support.ui.ExpectedConditions$6.apply(ExpectedConditions.java:182)
at org.openqa.selenium.support.ui.ExpectedConditions$6.apply(ExpectedConditions.java:179)
at org.openqa.selenium.support.ui.FluentWait.until(FluentWait.java:249)
at com.walletHub.SeleniumHandler.seleniumCommanMethods.driverWait(seleniumCommanMethods.java:80)
at com.walletHub.SeleniumHandler.seleniumCommanMethods.getElementByElement(seleniumCommanMethods.java:33)
at com.PageObject.wallethubRating.WalletHubReviewPage.clicOnLoginLink(WalletHubReviewPage.java:77)
at com.walletHubReview.testCases.WalletReviewTestCases.whFunctionalityTest(WalletReviewTestCases.java:35)
... Removed 29 stack frames]]>
    </failure>
  </testcase> <!-- whFunctionalityTest -->
  <testcase name="fbFunctionalityTest" time="15.258" classname="com.testCases.FB.FaceBookLogin"/>
</testsuite> <!-- Test -->
